[35m[Appium][39m Welcome to Appium v1.22.3
[35m[Appium][39m Non-default server args:
[35m[Appium][39m   port: 33007
[35m[Appium][39m   loglevel: info
[35m[Appium][39m   tmpDir: /tmp/Katalon/Appium/Temp1671557191241
[35m[Appium][39m   chromedriverPort: 35253
[35m[Appium][39m Deprecated server args:
[35m[Appium][39m   [31m--chromedriver-port[39m => --default-capabilities
[35m[Appium][39m Default capabilities, which will be added to each request unless overridden by desired capabilities:
[35m[Appium][39m   chromedriverPort: 35253
[35m[Appium][39m Appium REST http interface listener started on 0.0.0.0:33007
[35m[HTTP][39m [37m-->[39m [37mGET[39m [37m/wd/hub/status[39m
[35m[HTTP][39m [90m{}[39m
[35m[HTTP][39m [37m<-- GET /wd/hub/status [39m[32m200[39m [90m4 ms - 68[39m
[35m[HTTP][39m [90m[39m
[35m[HTTP][39m [37m-->[39m [37mGET[39m [37m/wd/hub/status[39m
[35m[HTTP][39m [90m{}[39m
[35m[HTTP][39m [37m<-- GET /wd/hub/status [39m[32m200[39m [90m2 ms - 68[39m
[35m[HTTP][39m [90m[39m
[35m[HTTP][39m [37m-->[39m [37mPOST[39m [37m/wd/hub/session[39m
[35m[HTTP][39m [90m{"desiredCapabilities":{"appActivity":".Settings","appPackage":"com.android.settings","newCommandTimeout":1800,"platformVersion":"8.0.0","automationName":"uiautomator2","autoGrantPermissions":true,"platformName":"Android","udid":"emulator-5554","deviceName":"emulator-5554 (Android SDK built for x86 - Android 8.0.0)","platform":"ANDROID","systemPort":8200},"capabilities":{"firstMatch":[{"appium:appActivity":".Settings","appium:appPackage":"com.android.settings","appium:autoGrantPermissions":true,"appium:automationName":"uiautomator2","appium:deviceName":"emulator-5554 (Android SDK built for x86 - Android 8.0.0)","appium:newCommandTimeout":1800,"platform":"ANDROID","platformName":"android","appium:platformVersion":"8.0.0","appium:systemPort":8200,"appium:udid":"emulator-5554"}]}}[39m
[35m[BaseDriver][39m The following capabilities are not standard capabilities and should have an extension prefix:
[35m[BaseDriver][39m   platform
[35m[BaseDriver][39m   chromedriverPort
[35m[Appium][39m Appium v1.22.3 creating new AndroidUiautomator2Driver (v1.70.1) session
[35m[BaseDriver][39m The following capabilities were provided, but are not recognized by Appium:
[35m[BaseDriver][39m   platform
[35m[BaseDriver][39m Session created with session id: 8cccf370-f4bf-449c-ae6a-b2f8cf573320
[35m[UiAutomator2][39m Starting 'com.android.settings' directly on the device
[35m[ADB][39m Found 1 'build-tools' folders under '/home/ferdian/.katalon/tools/android_sdk' (newest first):
[35m[ADB][39m     /home/ferdian/.katalon/tools/android_sdk/build-tools/29.0.3
[35m[ADB][39m Using 'adb' from '/home/ferdian/.katalon/tools/android_sdk/platform-tools/adb'
[35m[AndroidDriver][39m Retrieving device list
[35m[AndroidDriver][39m Using device: emulator-5554
[35m[ADB][39m Using 'adb' from '/home/ferdian/.katalon/tools/android_sdk/platform-tools/adb'
[35m[AndroidDriver][39m No app sent in, not parsing package/activity
[35m[ADB][39m Using 'apksigner.jar' from '/home/ferdian/.katalon/tools/android_sdk/build-tools/29.0.3/lib/apksigner.jar'
[35m[ADB][39m '/home/ferdian/.nvm/versions/node/v18.12.1/lib/node_modules/appium/node_modules/appium-uiautomator2-server/apks/appium-uiautomator2-server-v4.27.0.apk' is signed with the default certificate
[35m[ADB][39m '/home/ferdian/.nvm/versions/node/v18.12.1/lib/node_modules/appium/node_modules/appium-uiautomator2-server/apks/appium-uiautomator2-server-debug-androidTest.apk' is signed with the default certificate
[35m[UiAutomator2][39m Server packages are not going to be (re)installed
[35m[ADB][39m Adding packages ["io.appium.settings","io.appium.uiautomator2.server","io.appium.uiautomator2.server.test"] to Doze whitelist
[35m[UiAutomator2][39m Starting UIAutomator2 server 4.27.0
[35m[UiAutomator2][39m Using UIAutomator2 server from '/home/ferdian/.nvm/versions/node/v18.12.1/lib/node_modules/appium/node_modules/appium-uiautomator2-server/apks/appium-uiautomator2-server-v4.27.0.apk' and test from '/home/ferdian/.nvm/versions/node/v18.12.1/lib/node_modules/appium/node_modules/appium-uiautomator2-server/apks/appium-uiautomator2-server-debug-androidTest.apk'
[35m[UiAutomator2][39m Waiting up to 30000ms for UiAutomator2 to be online...
[35m[WD Proxy][39m socket hang up
[35m[WD Proxy][39m socket hang up
[35m[WD Proxy][39m Determined the downstream protocol as 'W3C'
[35m[AndroidDriver][39m Screen already unlocked, doing nothing
[35m[UiAutomator2][39m Starting 'com.android.settings/.Settings and waiting for 'com.android.settings/.Settings'
[35m[Appium][39m New AndroidUiautomator2Driver session created successfully, session 8cccf370-f4bf-449c-ae6a-b2f8cf573320 added to master session list
[35m[HTTP][39m [37m<-- POST /wd/hub/session [39m[32m200[39m [90m6066 ms - 1215[39m
[35m[HTTP][39m [90m[39m
[35m[HTTP][39m [37m-->[39m [37mGET[39m [37m/wd/hub/session/8cccf370-f4bf-449c-ae6a-b2f8cf573320[39m
[35m[HTTP][39m [90m{}[39m
[35m[HTTP][39m [37m<-- GET /wd/hub/session/8cccf370-f4bf-449c-ae6a-b2f8cf573320 [39m[32m200[39m [90m25 ms - 1169[39m
[35m[HTTP][39m [90m[39m
[35m[HTTP][39m [37m-->[39m [37mGET[39m [37m/wd/hub/session/8cccf370-f4bf-449c-ae6a-b2f8cf573320[39m
[35m[HTTP][39m [90m{}[39m
[35m[HTTP][39m [37m<-- GET /wd/hub/session/8cccf370-f4bf-449c-ae6a-b2f8cf573320 [39m[32m200[39m [90m21 ms - 1169[39m
[35m[HTTP][39m [90m[39m
[35m[HTTP][39m [37m-->[39m [37mGET[39m [37m/wd/hub/status[39m
[35m[HTTP][39m [90m{}[39m
[35m[HTTP][39m [37m<-- GET /wd/hub/status [39m[32m200[39m [90m1 ms - 68[39m
[35m[HTTP][39m [90m[39m
[35m[HTTP][39m [37m-->[39m [37mPOST[39m [37m/wd/hub/session/8cccf370-f4bf-449c-ae6a-b2f8cf573320/timeouts[39m
[35m[HTTP][39m [90m{"implicit":60000}[39m
[35m[HTTP][39m [37m<-- POST /wd/hub/session/8cccf370-f4bf-449c-ae6a-b2f8cf573320/timeouts [39m[32m200[39m [90m8 ms - 14[39m
[35m[HTTP][39m [90m[39m
[35m[HTTP][39m [37m-->[39m [37mGET[39m [37m/wd/hub/session/8cccf370-f4bf-449c-ae6a-b2f8cf573320/screenshot[39m
[35m[HTTP][39m [90m{}[39m
[35m[HTTP][39m [37m<-- GET /wd/hub/session/8cccf370-f4bf-449c-ae6a-b2f8cf573320/screenshot [39m[32m200[39m [90m576 ms - 226028[39m
[35m[HTTP][39m [90m[39m
[35m[HTTP][39m [37m-->[39m [37mGET[39m [37m/wd/hub/session/8cccf370-f4bf-449c-ae6a-b2f8cf573320/window/rect[39m
[35m[HTTP][39m [90m{}[39m
[35m[HTTP][39m [37m<-- GET /wd/hub/session/8cccf370-f4bf-449c-ae6a-b2f8cf573320/window/rect [39m[32m200[39m [90m18 ms - 50[39m
[35m[HTTP][39m [90m[39m
[35m[HTTP][39m [37m-->[39m [37mGET[39m [37m/wd/hub/session/8cccf370-f4bf-449c-ae6a-b2f8cf573320/appium/device/system_bars[39m
[35m[HTTP][39m [90m{}[39m
[35m[HTTP][39m [37m<-- GET /wd/hub/session/8cccf370-f4bf-449c-ae6a-b2f8cf573320/appium/device/system_bars [39m[32m200[39m [90m59 ms - 151[39m
[35m[HTTP][39m [90m[39m
[35m[HTTP][39m [37m-->[39m [37mPOST[39m [37m/wd/hub/session/8cccf370-f4bf-449c-ae6a-b2f8cf573320/appium/device/activate_app[39m
[35m[HTTP][39m [90m{"bundleId":"com.samsung.ecomm"}[39m
[35m[HTTP][39m [37m<-- POST /wd/hub/session/8cccf370-f4bf-449c-ae6a-b2f8cf573320/appium/device/activate_app [39m[32m200[39m [90m384 ms - 14[39m
[35m[HTTP][39m [90m[39m
[35m[HTTP][39m [37m-->[39m [37mGET[39m [37m/wd/hub/session/8cccf370-f4bf-449c-ae6a-b2f8cf573320/source[39m
[35m[HTTP][39m [90m{}[39m
[35m[W3C (8cccf370)][39m Driver proxy active, passing request on via HTTP proxy
[35m[WD Proxy][39m Replacing sessionId 186ab709-3a19-4ec8-bde8-8d6b46de8354 with 8cccf370-f4bf-449c-ae6a-b2f8cf573320
[35m[HTTP][39m [37m<-- GET /wd/hub/session/8cccf370-f4bf-449c-ae6a-b2f8cf573320/source [39m[32m200[39m [90m2692 ms - 15059[39m
[35m[HTTP][39m [90m[39m
[35m[HTTP][39m [37m-->[39m [37mGET[39m [37m/wd/hub/session/8cccf370-f4bf-449c-ae6a-b2f8cf573320/screenshot[39m
[35m[HTTP][39m [90m{}[39m
[35m[HTTP][39m [37m<-- GET /wd/hub/session/8cccf370-f4bf-449c-ae6a-b2f8cf573320/screenshot [39m[32m200[39m [90m420 ms - 69552[39m
[35m[HTTP][39m [90m[39m
[35m[HTTP][39m [37m-->[39m [37mPOST[39m [37m/wd/hub/session/8cccf370-f4bf-449c-ae6a-b2f8cf573320/elements[39m
[35m[HTTP][39m [90m{"using":"xpath","value":"//*[@class = 'android.widget.LinearLayout' and (@text = '' or . = '')]"}[39m
[35m[HTTP][39m [37m<-- POST /wd/hub/session/8cccf370-f4bf-449c-ae6a-b2f8cf573320/elements [39m[32m200[39m [90m285 ms - 1291[39m
[35m[HTTP][39m [90m[39m
[35m[HTTP][39m [37m-->[39m [37mPOST[39m [37m/wd/hub/session/8cccf370-f4bf-449c-ae6a-b2f8cf573320/elements[39m
[35m[HTTP][39m [90m{"using":"accessibility id","value":"Shop Tab for all products"}[39m
[35m[HTTP][39m [37m<-- POST /wd/hub/session/8cccf370-f4bf-449c-ae6a-b2f8cf573320/elements [39m[32m200[39m [90m60021 ms - 12[39m
[35m[HTTP][39m [90m[39m
[35m[HTTP][39m [37m-->[39m [37mPOST[39m [37m/wd/hub/session/8cccf370-f4bf-449c-ae6a-b2f8cf573320/elements[39m
[35m[HTTP][39m [90m{"using":"-android uiautomator","value":"new UiSelector().className(\"android.widget.LinearLayout\")"}[39m
[35m[HTTP][39m [37m<-- POST /wd/hub/session/8cccf370-f4bf-449c-ae6a-b2f8cf573320/elements [39m[32m200[39m [90m61 ms - 1291[39m
[35m[HTTP][39m [90m[39m
[35m[HTTP][39m [37m-->[39m [37mGET[39m [37m/wd/hub/session/8cccf370-f4bf-449c-ae6a-b2f8cf573320/window/rect[39m
[35m[HTTP][39m [90m{}[39m
[35m[HTTP][39m [37m<-- GET /wd/hub/session/8cccf370-f4bf-449c-ae6a-b2f8cf573320/window/rect [39m[32m200[39m [90m7 ms - 50[39m
[35m[HTTP][39m [90m[39m
[35m[HTTP][39m [37m-->[39m [37mPOST[39m [37m/wd/hub/session/8cccf370-f4bf-449c-ae6a-b2f8cf573320/elements[39m
[35m[HTTP][39m [90m{"using":"xpath","value":"//hierarchy/android.widget.FrameLayout[1]/android.widget.LinearLayout[1]/android.widget.FrameLayout[1]/android.widget.LinearLayout[1]/android.widget.FrameLayout[1]/android.widget.RelativeLayout[1]/androidx.drawerlayout.widget.DrawerLayout[1]/android.widget.RelativeLayout[1]/android.widget.FrameLayout[1]/android.view.ViewGroup[1]/android.widget.LinearLayout[1]/android.widget.HorizontalScrollView[1]/android.widget.LinearLayout[1]/android.widget.LinearLayout[3]"}[39m
[35m[HTTP][39m [37m<-- POST /wd/hub/session/8cccf370-f4bf-449c-ae6a-b2f8cf573320/elements [39m[32m200[39m [90m60 ms - 139[39m
[35m[HTTP][39m [90m[39m
[35m[HTTP][39m [37m-->[39m [37mGET[39m [37m/wd/hub/session/8cccf370-f4bf-449c-ae6a-b2f8cf573320/element/00000000-0000-0778-ffff-ffff0000001d/location[39m
[35m[HTTP][39m [90m{}[39m
[35m[W3C (8cccf370)][39m Driver proxy active, passing request on via HTTP proxy
[35m[WD Proxy][39m Replacing sessionId 186ab709-3a19-4ec8-bde8-8d6b46de8354 with 8cccf370-f4bf-449c-ae6a-b2f8cf573320
[35m[HTTP][39m [37m<-- GET /wd/hub/session/8cccf370-f4bf-449c-ae6a-b2f8cf573320/element/00000000-0000-0778-ffff-ffff0000001d/location [39m[32m200[39m [90m10 ms - 78[39m
[35m[HTTP][39m [90m[39m
[35m[HTTP][39m [37m-->[39m [37mPOST[39m [37m/wd/hub/session/8cccf370-f4bf-449c-ae6a-b2f8cf573320/element/00000000-0000-0778-ffff-ffff0000001d/click[39m
[35m[HTTP][39m [90m{"id":"00000000-0000-0778-ffff-ffff0000001d"}[39m
[35m[HTTP][39m [37m<-- POST /wd/hub/session/8cccf370-f4bf-449c-ae6a-b2f8cf573320/element/00000000-0000-0778-ffff-ffff0000001d/click [39m[32m200[39m [90m17 ms - 14[39m
[35m[HTTP][39m [90m[39m
[35m[HTTP][39m [37m-->[39m [37mGET[39m [37m/wd/hub/session/8cccf370-f4bf-449c-ae6a-b2f8cf573320/source[39m
[35m[HTTP][39m [90m{}[39m
[35m[W3C (8cccf370)][39m Driver proxy active, passing request on via HTTP proxy
[35m[WD Proxy][39m Replacing sessionId 186ab709-3a19-4ec8-bde8-8d6b46de8354 with 8cccf370-f4bf-449c-ae6a-b2f8cf573320
[35m[HTTP][39m [37m<-- GET /wd/hub/session/8cccf370-f4bf-449c-ae6a-b2f8cf573320/source [39m[32m200[39m [90m1338 ms - 21643[39m
[35m[HTTP][39m [90m[39m
[35m[HTTP][39m [37m-->[39m [37mGET[39m [37m/wd/hub/session/8cccf370-f4bf-449c-ae6a-b2f8cf573320/screenshot[39m
[35m[HTTP][39m [90m{}[39m
[35m[HTTP][39m [37m<-- GET /wd/hub/session/8cccf370-f4bf-449c-ae6a-b2f8cf573320/screenshot [39m[32m200[39m [90m403 ms - 803988[39m
[35m[HTTP][39m [90m[39m
[35m[HTTP][39m [37m-->[39m [37mPOST[39m [37m/wd/hub/session/8cccf370-f4bf-449c-ae6a-b2f8cf573320/elements[39m
[35m[HTTP][39m [90m{"using":"xpath","value":"//*[@class = 'android.widget.TextView' and @resource-id = 'com.samsung.ecomm:id/action_search' and (@text = '' or . = '')]"}[39m
[35m[HTTP][39m [37m<-- POST /wd/hub/session/8cccf370-f4bf-449c-ae6a-b2f8cf573320/elements [39m[32m200[39m [90m87 ms - 139[39m
[35m[HTTP][39m [90m[39m
[35m[HTTP][39m [37m-->[39m [37mGET[39m [37m/wd/hub/session/8cccf370-f4bf-449c-ae6a-b2f8cf573320/window/rect[39m
[35m[HTTP][39m [90m{}[39m
[35m[HTTP][39m [37m<-- GET /wd/hub/session/8cccf370-f4bf-449c-ae6a-b2f8cf573320/window/rect [39m[32m200[39m [90m7 ms - 50[39m
[35m[HTTP][39m [90m[39m
[35m[HTTP][39m [37m-->[39m [37mPOST[39m [37m/wd/hub/session/8cccf370-f4bf-449c-ae6a-b2f8cf573320/elements[39m
[35m[HTTP][39m [90m{"using":"xpath","value":"//*[@class = 'android.widget.TextView' and @resource-id = 'com.samsung.ecomm:id/action_search' and (@text = '' or . = '')]"}[39m
[35m[HTTP][39m [37m<-- POST /wd/hub/session/8cccf370-f4bf-449c-ae6a-b2f8cf573320/elements [39m[32m200[39m [90m71 ms - 139[39m
[35m[HTTP][39m [90m[39m
[35m[HTTP][39m [37m-->[39m [37mGET[39m [37m/wd/hub/session/8cccf370-f4bf-449c-ae6a-b2f8cf573320/element/00000000-0000-0778-ffff-ffff00000023/location[39m
[35m[HTTP][39m [90m{}[39m
[35m[W3C (8cccf370)][39m Driver proxy active, passing request on via HTTP proxy
[35m[WD Proxy][39m Replacing sessionId 186ab709-3a19-4ec8-bde8-8d6b46de8354 with 8cccf370-f4bf-449c-ae6a-b2f8cf573320
[35m[HTTP][39m [37m<-- GET /wd/hub/session/8cccf370-f4bf-449c-ae6a-b2f8cf573320/element/00000000-0000-0778-ffff-ffff00000023/location [39m[32m200[39m [90m7 ms - 77[39m
[35m[HTTP][39m [90m[39m
[35m[HTTP][39m [37m-->[39m [37mPOST[39m [37m/wd/hub/session/8cccf370-f4bf-449c-ae6a-b2f8cf573320/element/00000000-0000-0778-ffff-ffff00000023/click[39m
[35m[HTTP][39m [90m{"id":"00000000-0000-0778-ffff-ffff00000023"}[39m
[35m[HTTP][39m [37m<-- POST /wd/hub/session/8cccf370-f4bf-449c-ae6a-b2f8cf573320/element/00000000-0000-0778-ffff-ffff00000023/click [39m[32m200[39m [90m9 ms - 14[39m
[35m[HTTP][39m [90m[39m
[35m[HTTP][39m [37m-->[39m [37mGET[39m [37m/wd/hub/session/8cccf370-f4bf-449c-ae6a-b2f8cf573320/source[39m
[35m[HTTP][39m [90m{}[39m
[35m[W3C (8cccf370)][39m Driver proxy active, passing request on via HTTP proxy
[35m[WD Proxy][39m Replacing sessionId 186ab709-3a19-4ec8-bde8-8d6b46de8354 with 8cccf370-f4bf-449c-ae6a-b2f8cf573320
[35m[HTTP][39m [37m<-- GET /wd/hub/session/8cccf370-f4bf-449c-ae6a-b2f8cf573320/source [39m[32m200[39m [90m969 ms - 22652[39m
[35m[HTTP][39m [90m[39m
[35m[HTTP][39m [37m-->[39m [37mGET[39m [37m/wd/hub/session/8cccf370-f4bf-449c-ae6a-b2f8cf573320/screenshot[39m
[35m[HTTP][39m [90m{}[39m
[35m[HTTP][39m [37m<-- GET /wd/hub/session/8cccf370-f4bf-449c-ae6a-b2f8cf573320/screenshot [39m[32m200[39m [90m261 ms - 512042[39m
[35m[HTTP][39m [90m[39m
[35m[HTTP][39m [37m-->[39m [37mPOST[39m [37m/wd/hub/session/8cccf370-f4bf-449c-ae6a-b2f8cf573320/elements[39m
[35m[HTTP][39m [90m{"using":"xpath","value":"//*[@class = 'android.widget.EditText' and (@text = 'Search' or . = 'Search') and @resource-id = 'com.samsung.ecomm:id/fsv_search_text']"}[39m
[35m[HTTP][39m [37m<-- POST /wd/hub/session/8cccf370-f4bf-449c-ae6a-b2f8cf573320/elements [39m[32m200[39m [90m91 ms - 139[39m
[35m[HTTP][39m [90m[39m
[35m[HTTP][39m [37m-->[39m [37mGET[39m [37m/wd/hub/session/8cccf370-f4bf-449c-ae6a-b2f8cf573320/window/rect[39m
[35m[HTTP][39m [90m{}[39m
[35m[HTTP][39m [37m<-- GET /wd/hub/session/8cccf370-f4bf-449c-ae6a-b2f8cf573320/window/rect [39m[32m200[39m [90m7 ms - 50[39m
[35m[HTTP][39m [90m[39m
[35m[HTTP][39m [37m-->[39m [37mPOST[39m [37m/wd/hub/session/8cccf370-f4bf-449c-ae6a-b2f8cf573320/elements[39m
[35m[HTTP][39m [90m{"using":"xpath","value":"//*[@class = 'android.widget.EditText' and (@text = 'Search' or . = 'Search') and @resource-id = 'com.samsung.ecomm:id/fsv_search_text']"}[39m
[35m[HTTP][39m [37m<-- POST /wd/hub/session/8cccf370-f4bf-449c-ae6a-b2f8cf573320/elements [39m[32m200[39m [90m76 ms - 139[39m
[35m[HTTP][39m [90m[39m
[35m[HTTP][39m [37m-->[39m [37mGET[39m [37m/wd/hub/session/8cccf370-f4bf-449c-ae6a-b2f8cf573320/element/00000000-0000-0778-ffff-ffff0000003c/location[39m
[35m[HTTP][39m [90m{}[39m
[35m[W3C (8cccf370)][39m Driver proxy active, passing request on via HTTP proxy
[35m[WD Proxy][39m Replacing sessionId 186ab709-3a19-4ec8-bde8-8d6b46de8354 with 8cccf370-f4bf-449c-ae6a-b2f8cf573320
[35m[HTTP][39m [37m<-- GET /wd/hub/session/8cccf370-f4bf-449c-ae6a-b2f8cf573320/element/00000000-0000-0778-ffff-ffff0000003c/location [39m[32m200[39m [90m31 ms - 77[39m
[35m[HTTP][39m [90m[39m
[35m[HTTP][39m [37m-->[39m [37mPOST[39m [37m/wd/hub/session/8cccf370-f4bf-449c-ae6a-b2f8cf573320/element/00000000-0000-0778-ffff-ffff0000003c/clear[39m
[35m[HTTP][39m [90m{"id":"00000000-0000-0778-ffff-ffff0000003c"}[39m
[35m[HTTP][39m [37m<-- POST /wd/hub/session/8cccf370-f4bf-449c-ae6a-b2f8cf573320/element/00000000-0000-0778-ffff-ffff0000003c/clear [39m[32m200[39m [90m20 ms - 14[39m
[35m[HTTP][39m [90m[39m
[35m[HTTP][39m [37m-->[39m [37mPOST[39m [37m/wd/hub/session/8cccf370-f4bf-449c-ae6a-b2f8cf573320/element/00000000-0000-0778-ffff-ffff0000003c/value[39m
[35m[HTTP][39m [90m{"id":"00000000-0000-0778-ffff-ffff0000003c","text":"Samsung","value":["S","a","m","s","u","n","g"]}[39m
[35m[HTTP][39m [37m<-- POST /wd/hub/session/8cccf370-f4bf-449c-ae6a-b2f8cf573320/element/00000000-0000-0778-ffff-ffff0000003c/value [39m[32m200[39m [90m641 ms - 14[39m
[35m[HTTP][39m [90m[39m
[35m[HTTP][39m [37m-->[39m [37mGET[39m [37m/wd/hub/session/8cccf370-f4bf-449c-ae6a-b2f8cf573320/source[39m
[35m[HTTP][39m [90m{}[39m
[35m[W3C (8cccf370)][39m Driver proxy active, passing request on via HTTP proxy
[35m[WD Proxy][39m Replacing sessionId 186ab709-3a19-4ec8-bde8-8d6b46de8354 with 8cccf370-f4bf-449c-ae6a-b2f8cf573320
[35m[HTTP][39m [37m<-- GET /wd/hub/session/8cccf370-f4bf-449c-ae6a-b2f8cf573320/source [39m[32m200[39m [90m239 ms - 28569[39m
[35m[HTTP][39m [90m[39m
[35m[HTTP][39m [37m-->[39m [37mGET[39m [37m/wd/hub/session/8cccf370-f4bf-449c-ae6a-b2f8cf573320/screenshot[39m
[35m[HTTP][39m [90m{}[39m
[35m[HTTP][39m [37m<-- GET /wd/hub/session/8cccf370-f4bf-449c-ae6a-b2f8cf573320/screenshot [39m[32m200[39m [90m218 ms - 264880[39m
[35m[HTTP][39m [90m[39m
[35m[HTTP][39m [37m-->[39m [37mPOST[39m [37m/wd/hub/session/8cccf370-f4bf-449c-ae6a-b2f8cf573320/elements[39m
[35m[HTTP][39m [90m{"using":"xpath","value":"//*[@class = 'android.widget.TextView' and (@text = 'Samsung Type-C Headphones, White' or . = 'Samsung Type-C Headphones, White') and @resource-id = 'com.samsung.ecomm:id/suggestion_txt']"}[39m
[35m[HTTP][39m [37m<-- POST /wd/hub/session/8cccf370-f4bf-449c-ae6a-b2f8cf573320/elements [39m[32m200[39m [90m62 ms - 139[39m
[35m[HTTP][39m [90m[39m
[35m[HTTP][39m [37m-->[39m [37mGET[39m [37m/wd/hub/session/8cccf370-f4bf-449c-ae6a-b2f8cf573320/window/rect[39m
[35m[HTTP][39m [90m{}[39m
[35m[HTTP][39m [37m<-- GET /wd/hub/session/8cccf370-f4bf-449c-ae6a-b2f8cf573320/window/rect [39m[32m200[39m [90m6 ms - 50[39m
[35m[HTTP][39m [90m[39m
[35m[HTTP][39m [37m-->[39m [37mPOST[39m [37m/wd/hub/session/8cccf370-f4bf-449c-ae6a-b2f8cf573320/elements[39m
[35m[HTTP][39m [90m{"using":"xpath","value":"//*[@class = 'android.widget.TextView' and (@text = 'Samsung Type-C Headphones, White' or . = 'Samsung Type-C Headphones, White') and @resource-id = 'com.samsung.ecomm:id/suggestion_txt']"}[39m
[35m[HTTP][39m [37m<-- POST /wd/hub/session/8cccf370-f4bf-449c-ae6a-b2f8cf573320/elements [39m[32m200[39m [90m84 ms - 139[39m
[35m[HTTP][39m [90m[39m
[35m[HTTP][39m [37m-->[39m [37mGET[39m [37m/wd/hub/session/8cccf370-f4bf-449c-ae6a-b2f8cf573320/element/00000000-0000-0778-ffff-ffff000003b5/location[39m
[35m[HTTP][39m [90m{}[39m
[35m[W3C (8cccf370)][39m Driver proxy active, passing request on via HTTP proxy
[35m[WD Proxy][39m Replacing sessionId 186ab709-3a19-4ec8-bde8-8d6b46de8354 with 8cccf370-f4bf-449c-ae6a-b2f8cf573320
[35m[HTTP][39m [37m<-- GET /wd/hub/session/8cccf370-f4bf-449c-ae6a-b2f8cf573320/element/00000000-0000-0778-ffff-ffff000003b5/location [39m[32m200[39m [90m12 ms - 77[39m
[35m[HTTP][39m [90m[39m
[35m[HTTP][39m [37m-->[39m [37mPOST[39m [37m/wd/hub/session/8cccf370-f4bf-449c-ae6a-b2f8cf573320/element/00000000-0000-0778-ffff-ffff000003b5/click[39m
[35m[HTTP][39m [90m{"id":"00000000-0000-0778-ffff-ffff000003b5"}[39m
[35m[HTTP][39m [37m<-- POST /wd/hub/session/8cccf370-f4bf-449c-ae6a-b2f8cf573320/element/00000000-0000-0778-ffff-ffff000003b5/click [39m[32m200[39m [90m16 ms - 14[39m
[35m[HTTP][39m [90m[39m
[35m[HTTP][39m [37m-->[39m [37mGET[39m [37m/wd/hub/session/8cccf370-f4bf-449c-ae6a-b2f8cf573320/source[39m
[35m[HTTP][39m [90m{}[39m
[35m[W3C (8cccf370)][39m Driver proxy active, passing request on via HTTP proxy
[35m[WD Proxy][39m Replacing sessionId 186ab709-3a19-4ec8-bde8-8d6b46de8354 with 8cccf370-f4bf-449c-ae6a-b2f8cf573320
[35m[HTTP][39m [37m<-- GET /wd/hub/session/8cccf370-f4bf-449c-ae6a-b2f8cf573320/source [39m[32m200[39m [90m1183 ms - 24284[39m
[35m[HTTP][39m [90m[39m
[35m[HTTP][39m [37m-->[39m [37mGET[39m [37m/wd/hub/session/8cccf370-f4bf-449c-ae6a-b2f8cf573320/screenshot[39m
[35m[HTTP][39m [90m{}[39m
[35m[HTTP][39m [37m<-- GET /wd/hub/session/8cccf370-f4bf-449c-ae6a-b2f8cf573320/screenshot [39m[32m200[39m [90m322 ms - 210448[39m
[35m[HTTP][39m [90m[39m
[35m[HTTP][39m [37m-->[39m [37mPOST[39m [37m/wd/hub/session/8cccf370-f4bf-449c-ae6a-b2f8cf573320/elements[39m
[35m[HTTP][39m [90m{"using":"xpath","value":"//*[@class = 'android.widget.TextView' and (@text = 'BUY NOW' or . = 'BUY NOW') and @resource-id = 'com.samsung.ecomm:id/buy_now']"}[39m
[35m[HTTP][39m [37m<-- POST /wd/hub/session/8cccf370-f4bf-449c-ae6a-b2f8cf573320/elements [39m[32m200[39m [90m63 ms - 139[39m
[35m[HTTP][39m [90m[39m
[35m[HTTP][39m [37m-->[39m [37mGET[39m [37m/wd/hub/session/8cccf370-f4bf-449c-ae6a-b2f8cf573320/window/rect[39m
[35m[HTTP][39m [90m{}[39m
[35m[HTTP][39m [37m<-- GET /wd/hub/session/8cccf370-f4bf-449c-ae6a-b2f8cf573320/window/rect [39m[32m200[39m [90m6 ms - 50[39m
[35m[HTTP][39m [90m[39m
[35m[HTTP][39m [37m-->[39m [37mPOST[39m [37m/wd/hub/session/8cccf370-f4bf-449c-ae6a-b2f8cf573320/elements[39m
[35m[HTTP][39m [90m{"using":"xpath","value":"//*[@class = 'android.widget.TextView' and (@text = 'BUY NOW' or . = 'BUY NOW') and @resource-id = 'com.samsung.ecomm:id/buy_now']"}[39m
[35m[HTTP][39m [37m<-- POST /wd/hub/session/8cccf370-f4bf-449c-ae6a-b2f8cf573320/elements [39m[32m200[39m [90m47 ms - 139[39m
[35m[HTTP][39m [90m[39m
[35m[HTTP][39m [37m-->[39m [37mGET[39m [37m/wd/hub/session/8cccf370-f4bf-449c-ae6a-b2f8cf573320/element/00000000-0000-0778-ffff-ffff00000463/location[39m
[35m[HTTP][39m [90m{}[39m
[35m[W3C (8cccf370)][39m Driver proxy active, passing request on via HTTP proxy
[35m[WD Proxy][39m Replacing sessionId 186ab709-3a19-4ec8-bde8-8d6b46de8354 with 8cccf370-f4bf-449c-ae6a-b2f8cf573320
[35m[HTTP][39m [37m<-- GET /wd/hub/session/8cccf370-f4bf-449c-ae6a-b2f8cf573320/element/00000000-0000-0778-ffff-ffff00000463/location [39m[32m200[39m [90m7 ms - 79[39m
[35m[HTTP][39m [90m[39m
[35m[HTTP][39m [37m-->[39m [37mPOST[39m [37m/wd/hub/session/8cccf370-f4bf-449c-ae6a-b2f8cf573320/element/00000000-0000-0778-ffff-ffff00000463/click[39m
[35m[HTTP][39m [90m{"id":"00000000-0000-0778-ffff-ffff00000463"}[39m
[35m[HTTP][39m [37m<-- POST /wd/hub/session/8cccf370-f4bf-449c-ae6a-b2f8cf573320/element/00000000-0000-0778-ffff-ffff00000463/click [39m[32m200[39m [90m9 ms - 14[39m
[35m[HTTP][39m [90m[39m
[35m[HTTP][39m [37m-->[39m [37mGET[39m [37m/wd/hub/session/8cccf370-f4bf-449c-ae6a-b2f8cf573320/source[39m
[35m[HTTP][39m [90m{}[39m
[35m[W3C (8cccf370)][39m Driver proxy active, passing request on via HTTP proxy
[35m[WD Proxy][39m Replacing sessionId 186ab709-3a19-4ec8-bde8-8d6b46de8354 with 8cccf370-f4bf-449c-ae6a-b2f8cf573320
[35m[HTTP][39m [37m<-- GET /wd/hub/session/8cccf370-f4bf-449c-ae6a-b2f8cf573320/source [39m[32m200[39m [90m133 ms - 18969[39m
[35m[HTTP][39m [90m[39m
[35m[HTTP][39m [37m-->[39m [37mGET[39m [37m/wd/hub/session/8cccf370-f4bf-449c-ae6a-b2f8cf573320/screenshot[39m
[35m[HTTP][39m [90m{}[39m
[35m[HTTP][39m [37m<-- GET /wd/hub/session/8cccf370-f4bf-449c-ae6a-b2f8cf573320/screenshot [39m[32m200[39m [90m325 ms - 486260[39m
[35m[HTTP][39m [90m[39m
[35m[HTTP][39m [37m-->[39m [37mPOST[39m [37m/wd/hub/session/8cccf370-f4bf-449c-ae6a-b2f8cf573320/elements[39m
[35m[HTTP][39m [90m{"using":"xpath","value":"//*[@class = 'android.widget.TextView' and (@text = 'BUY NOW' or . = 'BUY NOW') and @resource-id = 'com.samsung.ecomm:id/buy_now']"}[39m
[35m[HTTP][39m [37m<-- POST /wd/hub/session/8cccf370-f4bf-449c-ae6a-b2f8cf573320/elements [39m[32m200[39m [90m28725 ms - 139[39m
[35m[HTTP][39m [90m[39m
[35m[HTTP][39m [37m-->[39m [37mGET[39m [37m/wd/hub/session/8cccf370-f4bf-449c-ae6a-b2f8cf573320/window/rect[39m
[35m[HTTP][39m [90m{}[39m
[35m[HTTP][39m [37m<-- GET /wd/hub/session/8cccf370-f4bf-449c-ae6a-b2f8cf573320/window/rect [39m[32m200[39m [90m9 ms - 50[39m
[35m[HTTP][39m [90m[39m
[35m[HTTP][39m [37m-->[39m [37mPOST[39m [37m/wd/hub/session/8cccf370-f4bf-449c-ae6a-b2f8cf573320/elements[39m
[35m[HTTP][39m [90m{"using":"xpath","value":"//*[@class = 'android.widget.TextView' and (@text = 'BUY NOW' or . = 'BUY NOW') and @resource-id = 'com.samsung.ecomm:id/buy_now']"}[39m
[35m[HTTP][39m [37m<-- POST /wd/hub/session/8cccf370-f4bf-449c-ae6a-b2f8cf573320/elements [39m[32m200[39m [90m48 ms - 139[39m
[35m[HTTP][39m [90m[39m
[35m[HTTP][39m [37m-->[39m [37mGET[39m [37m/wd/hub/session/8cccf370-f4bf-449c-ae6a-b2f8cf573320/element/00000000-0000-0778-ffff-ffff000006ef/location[39m
[35m[HTTP][39m [90m{}[39m
[35m[W3C (8cccf370)][39m Driver proxy active, passing request on via HTTP proxy
[35m[WD Proxy][39m Replacing sessionId 186ab709-3a19-4ec8-bde8-8d6b46de8354 with 8cccf370-f4bf-449c-ae6a-b2f8cf573320
[35m[HTTP][39m [37m<-- GET /wd/hub/session/8cccf370-f4bf-449c-ae6a-b2f8cf573320/element/00000000-0000-0778-ffff-ffff000006ef/location [39m[32m200[39m [90m10 ms - 79[39m
[35m[HTTP][39m [90m[39m
[35m[HTTP][39m [37m-->[39m [37mPOST[39m [37m/wd/hub/session/8cccf370-f4bf-449c-ae6a-b2f8cf573320/element/00000000-0000-0778-ffff-ffff000006ef/click[39m
[35m[HTTP][39m [90m{"id":"00000000-0000-0778-ffff-ffff000006ef"}[39m
[35m[HTTP][39m [37m<-- POST /wd/hub/session/8cccf370-f4bf-449c-ae6a-b2f8cf573320/element/00000000-0000-0778-ffff-ffff000006ef/click [39m[32m200[39m [90m12 ms - 14[39m
[35m[HTTP][39m [90m[39m
[35m[HTTP][39m [37m-->[39m [37mGET[39m [37m/wd/hub/session/8cccf370-f4bf-449c-ae6a-b2f8cf573320/source[39m
[35m[HTTP][39m [90m{}[39m
[35m[W3C (8cccf370)][39m Driver proxy active, passing request on via HTTP proxy
[35m[WD Proxy][39m Replacing sessionId 186ab709-3a19-4ec8-bde8-8d6b46de8354 with 8cccf370-f4bf-449c-ae6a-b2f8cf573320
[35m[HTTP][39m [37m<-- GET /wd/hub/session/8cccf370-f4bf-449c-ae6a-b2f8cf573320/source [39m[32m200[39m [90m558 ms - 28202[39m
[35m[HTTP][39m [90m[39m
[35m[HTTP][39m [37m-->[39m [37mGET[39m [37m/wd/hub/session/8cccf370-f4bf-449c-ae6a-b2f8cf573320/screenshot[39m
[35m[HTTP][39m [90m{}[39m
[35m[HTTP][39m [37m<-- GET /wd/hub/session/8cccf370-f4bf-449c-ae6a-b2f8cf573320/screenshot [39m[32m200[39m [90m212 ms - 243344[39m
[35m[HTTP][39m [90m[39m
[35m[HTTP][39m [37m-->[39m [37mDELETE[39m [37m/wd/hub/session/8cccf370-f4bf-449c-ae6a-b2f8cf573320[39m
[35m[HTTP][39m [90m{}[39m
[35m[Appium][39m Removing session 8cccf370-f4bf-449c-ae6a-b2f8cf573320 from our master session list
[35m[HTTP][39m [37m<-- DELETE /wd/hub/session/8cccf370-f4bf-449c-ae6a-b2f8cf573320 [39m[32m200[39m [90m90 ms - 14[39m
[35m[HTTP][39m [90m[39m
