[35m[Appium][39m Welcome to Appium v1.22.3
[35m[Appium][39m Non-default server args:
[35m[Appium][39m   port: 32781
[35m[Appium][39m   loglevel: info
[35m[Appium][39m   tmpDir: /tmp/Katalon/Appium/Temp1671549708114
[35m[Appium][39m   chromedriverPort: 46205
[35m[Appium][39m Deprecated server args:
[35m[Appium][39m   [31m--chromedriver-port[39m => --default-capabilities
[35m[Appium][39m Default capabilities, which will be added to each request unless overridden by desired capabilities:
[35m[Appium][39m   chromedriverPort: 46205
[35m[Appium][39m Appium REST http interface listener started on 0.0.0.0:32781
[35m[HTTP][39m [37m-->[39m [37mGET[39m [37m/wd/hub/status[39m
[35m[HTTP][39m [90m{}[39m
[35m[HTTP][39m [37m<-- GET /wd/hub/status [39m[32m200[39m [90m5 ms - 68[39m
[35m[HTTP][39m [90m[39m
[35m[HTTP][39m [37m-->[39m [37mGET[39m [37m/wd/hub/status[39m
[35m[HTTP][39m [90m{}[39m
[35m[HTTP][39m [37m<-- GET /wd/hub/status [39m[32m200[39m [90m1 ms - 68[39m
[35m[HTTP][39m [90m[39m
[35m[HTTP][39m [37m-->[39m [37mPOST[39m [37m/wd/hub/session[39m
[35m[HTTP][39m [90m{"desiredCapabilities":{"app":"/home/ferdian/applications/Calculator_v8.1.apk","noReset":true,"deviceName":"samsung SM-M215F (Android 12)","fullReset":false,"platform":"ANDROID","newCommandTimeout":1800,"platformVersion":"12","automationName":"uiautomator2","autoGrantPermissions":true,"platformName":"Android","udid":"RR8N701Q6GZ","systemPort":34831},"capabilities":{"firstMatch":[{"appium:app":"/home/ferdian/applications/Calculator_v8.1.apk","appium:autoGrantPermissions":true,"appium:automationName":"uiautomator2","appium:deviceName":"samsung SM-M215F (Android 12)","appium:fullReset":false,"appium:newCommandTimeout":1800,"appium:noReset":true,"platform":"ANDROID","platformName":"android","appium:platformVersion":"12","appium:systemPort":34831,"appium:udid":"RR8N701Q6GZ"}]}}[39m
[35m[BaseDriver][39m The following capabilities are not standard capabilities and should have an extension prefix:
[35m[BaseDriver][39m   platform
[35m[BaseDriver][39m   chromedriverPort
[35m[Appium][39m Appium v1.22.3 creating new AndroidUiautomator2Driver (v1.70.1) session
[35m[BaseDriver][39m The following capabilities were provided, but are not recognized by Appium:
[35m[BaseDriver][39m   platform
[35m[BaseDriver][39m Session created with session id: 4a2d2d16-1b2d-4a74-9c2a-89e98b11ce6e
[35m[BaseDriver][39m Using local app '/home/ferdian/applications/Calculator_v8.1.apk'
[35m[ADB][39m Found 1 'build-tools' folders under '/home/ferdian/.katalon/tools/android_sdk' (newest first):
[35m[ADB][39m     /home/ferdian/.katalon/tools/android_sdk/build-tools/29.0.3
[35m[ADB][39m Using 'adb' from '/home/ferdian/.katalon/tools/android_sdk/platform-tools/adb'
[35m[AndroidDriver][39m Retrieving device list
[35m[AndroidDriver][39m Using device: RR8N701Q6GZ
[35m[ADB][39m Using 'adb' from '/home/ferdian/.katalon/tools/android_sdk/platform-tools/adb'
[35m[ADB][39m Getting device platform version
[35m[UiAutomator2][39m Relaxing hidden api policy
[35m[ADB][39m Package name: 'com.google.android.calculator'
[35m[ADB][39m Main activity name: 'com.android.calculator2.Calculator'
[35m[ADB][39m Using 'apksigner.jar' from '/home/ferdian/.katalon/tools/android_sdk/build-tools/29.0.3/lib/apksigner.jar'
[35m[ADB][39m '/home/ferdian/.nvm/versions/node/v18.12.1/lib/node_modules/appium/node_modules/appium-uiautomator2-server/apks/appium-uiautomator2-server-v4.27.0.apk' is signed with the default certificate
[35m[ADB][39m '/home/ferdian/.nvm/versions/node/v18.12.1/lib/node_modules/appium/node_modules/appium-uiautomator2-server/apks/appium-uiautomator2-server-debug-androidTest.apk' is signed with the default certificate
[35m[UiAutomator2][39m Server packages are not going to be (re)installed
[35m[ADB][39m Adding packages ["io.appium.settings","io.appium.uiautomator2.server","io.appium.uiautomator2.server.test"] to Doze whitelist
[35m[ADB][39m '/home/ferdian/applications/Calculator_v8.1.apk' is signed with a non-default certificate
[35m[ADB][39m The application at '/home/ferdian/applications/Calculator_v8.1.apk' will not be cached, because the device under test has confirmed the support of streamed installs
[35m[ADB][39m The installation of 'Calculator_v8.1.apk' took 1544ms
[35m[UiAutomator2][39m Starting UIAutomator2 server 4.27.0
[35m[UiAutomator2][39m Using UIAutomator2 server from '/home/ferdian/.nvm/versions/node/v18.12.1/lib/node_modules/appium/node_modules/appium-uiautomator2-server/apks/appium-uiautomator2-server-v4.27.0.apk' and test from '/home/ferdian/.nvm/versions/node/v18.12.1/lib/node_modules/appium/node_modules/appium-uiautomator2-server/apks/appium-uiautomator2-server-debug-androidTest.apk'
[35m[UiAutomator2][39m Waiting up to 30000ms for UiAutomator2 to be online...
[35m[WD Proxy][39m socket hang up
[35m[WD Proxy][39m socket hang up
[35m[WD Proxy][39m socket hang up
[35m[WD Proxy][39m Determined the downstream protocol as 'W3C'
[35m[AndroidDriver][39m Screen already unlocked, doing nothing
[35m[UiAutomator2][39m Starting 'com.google.android.calculator/com.android.calculator2.Calculator and waiting for 'com.google.android.calculator/com.android.calculator2.Calculator'
[35m[Appium][39m New AndroidUiautomator2Driver session created successfully, session 4a2d2d16-1b2d-4a74-9c2a-89e98b11ce6e added to master session list
[35m[HTTP][39m [37m<-- POST /wd/hub/session [39m[32m200[39m [90m10711 ms - 1257[39m
[35m[HTTP][39m [90m[39m
[35m[HTTP][39m [37m-->[39m [37mGET[39m [37m/wd/hub/session/4a2d2d16-1b2d-4a74-9c2a-89e98b11ce6e[39m
[35m[HTTP][39m [90m{}[39m
[35m[HTTP][39m [37m<-- GET /wd/hub/session/4a2d2d16-1b2d-4a74-9c2a-89e98b11ce6e [39m[32m200[39m [90m10 ms - 1211[39m
[35m[HTTP][39m [90m[39m
[35m[HTTP][39m [37m-->[39m [37mGET[39m [37m/wd/hub/session/4a2d2d16-1b2d-4a74-9c2a-89e98b11ce6e[39m
[35m[HTTP][39m [90m{}[39m
[35m[HTTP][39m [37m<-- GET /wd/hub/session/4a2d2d16-1b2d-4a74-9c2a-89e98b11ce6e [39m[32m200[39m [90m8 ms - 1211[39m
[35m[HTTP][39m [90m[39m
[35m[HTTP][39m [37m-->[39m [37mGET[39m [37m/wd/hub/status[39m
[35m[HTTP][39m [90m{}[39m
[35m[HTTP][39m [37m<-- GET /wd/hub/status [39m[32m200[39m [90m1 ms - 68[39m
[35m[HTTP][39m [90m[39m
[35m[HTTP][39m [37m-->[39m [37mPOST[39m [37m/wd/hub/session/4a2d2d16-1b2d-4a74-9c2a-89e98b11ce6e/timeouts[39m
[35m[HTTP][39m [90m{"implicit":60000}[39m
[35m[HTTP][39m [37m<-- POST /wd/hub/session/4a2d2d16-1b2d-4a74-9c2a-89e98b11ce6e/timeouts [39m[32m200[39m [90m2 ms - 14[39m
[35m[HTTP][39m [90m[39m
[35m[HTTP][39m [37m-->[39m [37mGET[39m [37m/wd/hub/session/4a2d2d16-1b2d-4a74-9c2a-89e98b11ce6e/source[39m
[35m[HTTP][39m [90m{}[39m
[35m[W3C (4a2d2d16)][39m Driver proxy active, passing request on via HTTP proxy
[35m[WD Proxy][39m Replacing sessionId 72f0901a-f28c-42ad-b25e-0bd6962d528e with 4a2d2d16-1b2d-4a74-9c2a-89e98b11ce6e
[35m[HTTP][39m [37m<-- GET /wd/hub/session/4a2d2d16-1b2d-4a74-9c2a-89e98b11ce6e/source [39m[32m200[39m [90m595 ms - 20098[39m
[35m[HTTP][39m [90m[39m
[35m[HTTP][39m [37m-->[39m [37mGET[39m [37m/wd/hub/session/4a2d2d16-1b2d-4a74-9c2a-89e98b11ce6e/screenshot[39m
[35m[HTTP][39m [90m{}[39m
[35m[HTTP][39m [37m<-- GET /wd/hub/session/4a2d2d16-1b2d-4a74-9c2a-89e98b11ce6e/screenshot [39m[32m200[39m [90m742 ms - 177836[39m
[35m[HTTP][39m [90m[39m
[35m[HTTP][39m [37m-->[39m [37mPOST[39m [37m/wd/hub/session/4a2d2d16-1b2d-4a74-9c2a-89e98b11ce6e/elements[39m
[35m[HTTP][39m [90m{"using":"xpath","value":"//*[@class = 'android.widget.Button' and (@text = '1' or . = '1') and @resource-id = 'com.google.android.calculator:id/digit_1']"}[39m
[35m[HTTP][39m [37m<-- POST /wd/hub/session/4a2d2d16-1b2d-4a74-9c2a-89e98b11ce6e/elements [39m[32m200[39m [90m630 ms - 139[39m
[35m[HTTP][39m [90m[39m
[35m[HTTP][39m [37m-->[39m [37mPOST[39m [37m/wd/hub/session/4a2d2d16-1b2d-4a74-9c2a-89e98b11ce6e/elements[39m
[35m[HTTP][39m [90m{"using":"xpath","value":"//*[@class = 'android.widget.Button' and (@text = '+' or . = '+') and @resource-id = 'com.google.android.calculator:id/op_add']"}[39m
[35m[HTTP][39m [37m<-- POST /wd/hub/session/4a2d2d16-1b2d-4a74-9c2a-89e98b11ce6e/elements [39m[32m200[39m [90m323 ms - 139[39m
[35m[HTTP][39m [90m[39m
[35m[HTTP][39m [37m-->[39m [37mPOST[39m [37m/wd/hub/session/4a2d2d16-1b2d-4a74-9c2a-89e98b11ce6e/elements[39m
[35m[HTTP][39m [90m{"using":"xpath","value":"//*[@class = 'android.widget.Button' and (@text = '=' or . = '=') and @resource-id = 'com.google.android.calculator:id/eq']"}[39m
[35m[HTTP][39m [37m<-- POST /wd/hub/session/4a2d2d16-1b2d-4a74-9c2a-89e98b11ce6e/elements [39m[32m200[39m [90m350 ms - 139[39m
[35m[HTTP][39m [90m[39m
[35m[HTTP][39m [37m-->[39m [37mGET[39m [37m/wd/hub/session/4a2d2d16-1b2d-4a74-9c2a-89e98b11ce6e/source[39m
[35m[HTTP][39m [90m{}[39m
[35m[W3C (4a2d2d16)][39m Driver proxy active, passing request on via HTTP proxy
[35m[WD Proxy][39m Replacing sessionId 72f0901a-f28c-42ad-b25e-0bd6962d528e with 4a2d2d16-1b2d-4a74-9c2a-89e98b11ce6e
[35m[HTTP][39m [37m<-- GET /wd/hub/session/4a2d2d16-1b2d-4a74-9c2a-89e98b11ce6e/source [39m[32m200[39m [90m202 ms - 19004[39m
[35m[HTTP][39m [90m[39m
[35m[HTTP][39m [37m-->[39m [37mGET[39m [37m/wd/hub/session/4a2d2d16-1b2d-4a74-9c2a-89e98b11ce6e/screenshot[39m
[35m[HTTP][39m [90m{}[39m
[35m[HTTP][39m [37m<-- GET /wd/hub/session/4a2d2d16-1b2d-4a74-9c2a-89e98b11ce6e/screenshot [39m[32m200[39m [90m790 ms - 178230[39m
[35m[HTTP][39m [90m[39m
[35m[HTTP][39m [37m-->[39m [37mPOST[39m [37m/wd/hub/session/4a2d2d16-1b2d-4a74-9c2a-89e98b11ce6e/elements[39m
[35m[HTTP][39m [90m{"using":"xpath","value":"//*[@class = 'android.widget.TextView' and (@text = '3' or . = '3') and @resource-id = 'com.google.android.calculator:id/result_final']"}[39m
[35m[HTTP][39m [37m<-- POST /wd/hub/session/4a2d2d16-1b2d-4a74-9c2a-89e98b11ce6e/elements [39m[32m200[39m [90m316 ms - 139[39m
[35m[HTTP][39m [90m[39m
[35m[HTTP][39m [37m-->[39m [37mDELETE[39m [37m/wd/hub/session/4a2d2d16-1b2d-4a74-9c2a-89e98b11ce6e[39m
[35m[HTTP][39m [90m{}[39m
[35m[Appium][39m Removing session 4a2d2d16-1b2d-4a74-9c2a-89e98b11ce6e from our master session list
[35m[UiAutomator2][39m Did not get confirmation UiAutomator2 deleteSession worked; Error was: UnknownError: An unknown server-side error occurred while processing the command. Original error: 'DELETE /' cannot be proxied to UiAutomator2 server because the instrumentation process is not running (probably crashed). Check the server log and/or the logcat output for more details
[35m[UiAutomator2][39m Restoring hidden api policy to the device default configuration
[35m[HTTP][39m [37m<-- DELETE /wd/hub/session/4a2d2d16-1b2d-4a74-9c2a-89e98b11ce6e [39m[32m200[39m [90m418 ms - 14[39m
[35m[HTTP][39m [90m[39m
