[35m[Appium][39m Welcome to Appium v1.22.3
[35m[Appium][39m Non-default server args:
[35m[Appium][39m   port: 42151
[35m[Appium][39m   loglevel: info
[35m[Appium][39m   tmpDir: /tmp/Katalon/Appium/Temp1671546166739
[35m[Appium][39m   chromedriverPort: 39695
[35m[Appium][39m Deprecated server args:
[35m[Appium][39m   [31m--chromedriver-port[39m => --default-capabilities
[35m[Appium][39m Default capabilities, which will be added to each request unless overridden by desired capabilities:
[35m[Appium][39m   chromedriverPort: 39695
[35m[Appium][39m Appium REST http interface listener started on 0.0.0.0:42151
[35m[HTTP][39m [37m-->[39m [37mGET[39m [37m/wd/hub/status[39m
[35m[HTTP][39m [90m{}[39m
[35m[HTTP][39m [37m<-- GET /wd/hub/status [39m[32m200[39m [90m4 ms - 68[39m
[35m[HTTP][39m [90m[39m
[35m[HTTP][39m [37m-->[39m [37mGET[39m [37m/wd/hub/status[39m
[35m[HTTP][39m [90m{}[39m
[35m[HTTP][39m [37m<-- GET /wd/hub/status [39m[32m200[39m [90m1 ms - 68[39m
[35m[HTTP][39m [90m[39m
[35m[HTTP][39m [37m-->[39m [37mPOST[39m [37m/wd/hub/session[39m
[35m[HTTP][39m [90m{"desiredCapabilities":{"app":"/home/ferdian/applications/app-pendaki.apk","noReset":true,"deviceId":"RR8N701Q6GZ","deviceName":"emulator-5554 (Android SDK built for x86 - Android 8.0.0)","fullReset":false,"platform":"ANDROID","newCommandTimeout":1800,"platformVersion":"8.0.0","automationName":"uiautomator2","autoGrantPermissions":true,"platformName":"Android","udid":"emulator-5554","systemPort":33439},"capabilities":{"firstMatch":[{"appium:app":"/home/ferdian/applications/app-pendaki.apk","appium:autoGrantPermissions":true,"appium:automationName":"uiautomator2","deviceId":"RR8N701Q6GZ","appium:deviceName":"emulator-5554 (Android SDK built for x86 - Android 8.0.0)","appium:fullReset":false,"appium:newCommandTimeout":1800,"appium:noReset":true,"platform":"ANDROID","platformName":"android","appium:platformVersion":"8.0.0","appium:systemPort":33439,"appium:udid":"emulator-5554"}]}}[39m
[35m[BaseDriver][39m The following capabilities are not standard capabilities and should have an extension prefix:
[35m[BaseDriver][39m   deviceId
[35m[BaseDriver][39m   platform
[35m[BaseDriver][39m   chromedriverPort
[35m[Appium][39m Appium v1.22.3 creating new AndroidUiautomator2Driver (v1.70.1) session
[35m[BaseDriver][39m The following capabilities were provided, but are not recognized by Appium:
[35m[BaseDriver][39m   deviceId
[35m[BaseDriver][39m   platform
[35m[BaseDriver][39m Session created with session id: 28a138b0-bd64-4da0-8a51-ca41c470d0fd
[35m[BaseDriver][39m Using local app '/home/ferdian/applications/app-pendaki.apk'
[35m[ADB][39m Found 1 'build-tools' folders under '/home/ferdian/.katalon/tools/android_sdk' (newest first):
[35m[ADB][39m     /home/ferdian/.katalon/tools/android_sdk/build-tools/29.0.3
[35m[ADB][39m Using 'adb' from '/home/ferdian/.katalon/tools/android_sdk/platform-tools/adb'
[35m[AndroidDriver][39m Retrieving device list
[35m[AndroidDriver][39m Using device: emulator-5554
[35m[ADB][39m Using 'adb' from '/home/ferdian/.katalon/tools/android_sdk/platform-tools/adb'
[35m[ADB][39m Package name: 'com.wahidari.pendaki'
[35m[ADB][39m Main activity name: 'com.wahidari.pendaki.MainActivity'
[35m[ADB][39m Using 'apksigner.jar' from '/home/ferdian/.katalon/tools/android_sdk/build-tools/29.0.3/lib/apksigner.jar'
[35m[ADB][39m '/home/ferdian/.nvm/versions/node/v18.12.1/lib/node_modules/appium/node_modules/appium-uiautomator2-server/apks/appium-uiautomator2-server-v4.27.0.apk' is signed with the default certificate
[35m[ADB][39m '/home/ferdian/.nvm/versions/node/v18.12.1/lib/node_modules/appium/node_modules/appium-uiautomator2-server/apks/appium-uiautomator2-server-debug-androidTest.apk' is signed with the default certificate
[35m[UiAutomator2][39m Server packages are not going to be (re)installed
[35m[ADB][39m Adding packages ["io.appium.settings","io.appium.uiautomator2.server","io.appium.uiautomator2.server.test"] to Doze whitelist
[35m[ADB][39m '/home/ferdian/applications/app-pendaki.apk' is signed with a non-default certificate
[35m[ADB][39m The application at '/home/ferdian/applications/app-pendaki.apk' will not be cached, because the device under test has confirmed the support of streamed installs
[35m[ADB][39m The installation of 'app-pendaki.apk' took 2093ms
[35m[UiAutomator2][39m Starting UIAutomator2 server 4.27.0
[35m[UiAutomator2][39m Using UIAutomator2 server from '/home/ferdian/.nvm/versions/node/v18.12.1/lib/node_modules/appium/node_modules/appium-uiautomator2-server/apks/appium-uiautomator2-server-v4.27.0.apk' and test from '/home/ferdian/.nvm/versions/node/v18.12.1/lib/node_modules/appium/node_modules/appium-uiautomator2-server/apks/appium-uiautomator2-server-debug-androidTest.apk'
[35m[UiAutomator2][39m Waiting up to 30000ms for UiAutomator2 to be online...
[35m[WD Proxy][39m socket hang up
[35m[WD Proxy][39m socket hang up
[35m[WD Proxy][39m Determined the downstream protocol as 'W3C'
[35m[AndroidDriver][39m Screen already unlocked, doing nothing
[35m[UiAutomator2][39m Starting 'com.wahidari.pendaki/com.wahidari.pendaki.MainActivity and waiting for 'com.wahidari.pendaki/com.wahidari.pendaki.MainActivity'
[35m[Appium][39m New AndroidUiautomator2Driver session created successfully, session 28a138b0-bd64-4da0-8a51-ca41c470d0fd added to master session list
[35m[HTTP][39m [37m<-- POST /wd/hub/session [39m[32m200[39m [90m8049 ms - 1347[39m
[35m[HTTP][39m [90m[39m
[35m[HTTP][39m [37m-->[39m [37mGET[39m [37m/wd/hub/session/28a138b0-bd64-4da0-8a51-ca41c470d0fd[39m
[35m[HTTP][39m [90m{}[39m
[35m[HTTP][39m [37m<-- GET /wd/hub/session/28a138b0-bd64-4da0-8a51-ca41c470d0fd [39m[32m200[39m [90m18 ms - 1301[39m
[35m[HTTP][39m [90m[39m
[35m[HTTP][39m [37m-->[39m [37mGET[39m [37m/wd/hub/session/28a138b0-bd64-4da0-8a51-ca41c470d0fd[39m
[35m[HTTP][39m [90m{}[39m
[35m[HTTP][39m [37m<-- GET /wd/hub/session/28a138b0-bd64-4da0-8a51-ca41c470d0fd [39m[32m200[39m [90m29 ms - 1301[39m
[35m[HTTP][39m [90m[39m
[35m[HTTP][39m [37m-->[39m [37mGET[39m [37m/wd/hub/status[39m
[35m[HTTP][39m [90m{}[39m
[35m[HTTP][39m [37m<-- GET /wd/hub/status [39m[32m200[39m [90m1 ms - 68[39m
[35m[HTTP][39m [90m[39m
[35m[HTTP][39m [37m-->[39m [37mPOST[39m [37m/wd/hub/session/28a138b0-bd64-4da0-8a51-ca41c470d0fd/timeouts[39m
[35m[HTTP][39m [90m{"implicit":60000}[39m
[35m[HTTP][39m [37m<-- POST /wd/hub/session/28a138b0-bd64-4da0-8a51-ca41c470d0fd/timeouts [39m[32m200[39m [90m12 ms - 14[39m
[35m[HTTP][39m [90m[39m
[35m[HTTP][39m [37m-->[39m [37mGET[39m [37m/wd/hub/session/28a138b0-bd64-4da0-8a51-ca41c470d0fd/source[39m
[35m[HTTP][39m [90m{}[39m
[35m[W3C (28a138b0)][39m Driver proxy active, passing request on via HTTP proxy
[35m[WD Proxy][39m Replacing sessionId ee68ecf8-6e21-4ae6-a0ee-cbe3ade97da2 with 28a138b0-bd64-4da0-8a51-ca41c470d0fd
[35m[HTTP][39m [37m<-- GET /wd/hub/session/28a138b0-bd64-4da0-8a51-ca41c470d0fd/source [39m[32m200[39m [90m544 ms - 32630[39m
[35m[HTTP][39m [90m[39m
[35m[HTTP][39m [37m-->[39m [37mGET[39m [37m/wd/hub/session/28a138b0-bd64-4da0-8a51-ca41c470d0fd/screenshot[39m
[35m[HTTP][39m [90m{}[39m
[35m[HTTP][39m [37m<-- GET /wd/hub/session/28a138b0-bd64-4da0-8a51-ca41c470d0fd/screenshot [39m[32m200[39m [90m1203 ms - 4160390[39m
[35m[HTTP][39m [90m[39m
[35m[HTTP][39m [37m-->[39m [37mPOST[39m [37m/wd/hub/session/28a138b0-bd64-4da0-8a51-ca41c470d0fd/elements[39m
[35m[HTTP][39m [90m{"using":"xpath","value":"//*[@class = 'android.widget.ImageButton' and (@text = '' or . = '')]"}[39m
[35m[HTTP][39m [37m<-- POST /wd/hub/session/28a138b0-bd64-4da0-8a51-ca41c470d0fd/elements [39m[32m200[39m [90m367 ms - 139[39m
[35m[HTTP][39m [90m[39m
[35m[HTTP][39m [37m-->[39m [37mGET[39m [37m/wd/hub/session/28a138b0-bd64-4da0-8a51-ca41c470d0fd/window/rect[39m
[35m[HTTP][39m [90m{}[39m
[35m[HTTP][39m [37m<-- GET /wd/hub/session/28a138b0-bd64-4da0-8a51-ca41c470d0fd/window/rect [39m[32m200[39m [90m13 ms - 50[39m
[35m[HTTP][39m [90m[39m
[35m[HTTP][39m [37m-->[39m [37mPOST[39m [37m/wd/hub/session/28a138b0-bd64-4da0-8a51-ca41c470d0fd/elements[39m
[35m[HTTP][39m [90m{"using":"xpath","value":"//*[@class = 'android.widget.ImageButton' and (@text = '' or . = '')]"}[39m
[35m[HTTP][39m [37m<-- POST /wd/hub/session/28a138b0-bd64-4da0-8a51-ca41c470d0fd/elements [39m[32m200[39m [90m118 ms - 139[39m
[35m[HTTP][39m [90m[39m
[35m[HTTP][39m [37m-->[39m [37mGET[39m [37m/wd/hub/session/28a138b0-bd64-4da0-8a51-ca41c470d0fd/element/00000000-0000-0769-ffff-ffff00000022/location[39m
[35m[HTTP][39m [90m{}[39m
[35m[W3C (28a138b0)][39m Driver proxy active, passing request on via HTTP proxy
[35m[WD Proxy][39m Replacing sessionId ee68ecf8-6e21-4ae6-a0ee-cbe3ade97da2 with 28a138b0-bd64-4da0-8a51-ca41c470d0fd
[35m[HTTP][39m [37m<-- GET /wd/hub/session/28a138b0-bd64-4da0-8a51-ca41c470d0fd/element/00000000-0000-0769-ffff-ffff00000022/location [39m[32m200[39m [90m11 ms - 75[39m
[35m[HTTP][39m [90m[39m
[35m[HTTP][39m [37m-->[39m [37mPOST[39m [37m/wd/hub/session/28a138b0-bd64-4da0-8a51-ca41c470d0fd/element/00000000-0000-0769-ffff-ffff00000022/click[39m
[35m[HTTP][39m [90m{"id":"00000000-0000-0769-ffff-ffff00000022"}[39m
[35m[HTTP][39m [37m<-- POST /wd/hub/session/28a138b0-bd64-4da0-8a51-ca41c470d0fd/element/00000000-0000-0769-ffff-ffff00000022/click [39m[32m200[39m [90m21 ms - 14[39m
[35m[HTTP][39m [90m[39m
[35m[HTTP][39m [37m-->[39m [37mGET[39m [37m/wd/hub/session/28a138b0-bd64-4da0-8a51-ca41c470d0fd/source[39m
[35m[HTTP][39m [90m{}[39m
[35m[W3C (28a138b0)][39m Driver proxy active, passing request on via HTTP proxy
[35m[WD Proxy][39m Replacing sessionId ee68ecf8-6e21-4ae6-a0ee-cbe3ade97da2 with 28a138b0-bd64-4da0-8a51-ca41c470d0fd
[35m[HTTP][39m [37m<-- GET /wd/hub/session/28a138b0-bd64-4da0-8a51-ca41c470d0fd/source [39m[32m200[39m [90m538 ms - 42543[39m
[35m[HTTP][39m [90m[39m
[35m[HTTP][39m [37m-->[39m [37mGET[39m [37m/wd/hub/session/28a138b0-bd64-4da0-8a51-ca41c470d0fd/screenshot[39m
[35m[HTTP][39m [90m{}[39m
[35m[HTTP][39m [37m<-- GET /wd/hub/session/28a138b0-bd64-4da0-8a51-ca41c470d0fd/screenshot [39m[32m200[39m [90m521 ms - 1404814[39m
[35m[HTTP][39m [90m[39m
[35m[HTTP][39m [37m-->[39m [37mPOST[39m [37m/wd/hub/session/28a138b0-bd64-4da0-8a51-ca41c470d0fd/elements[39m
[35m[HTTP][39m [90m{"using":"xpath","value":"//*[@class = 'android.widget.CheckedTextView' and (@text = 'Peralatan' or . = 'Peralatan') and @resource-id = 'com.wahidari.pendaki:id/design_menu_item_text']"}[39m
[35m[HTTP][39m [37m<-- POST /wd/hub/session/28a138b0-bd64-4da0-8a51-ca41c470d0fd/elements [39m[32m200[39m [90m704 ms - 139[39m
[35m[HTTP][39m [90m[39m
[35m[HTTP][39m [37m-->[39m [37mGET[39m [37m/wd/hub/session/28a138b0-bd64-4da0-8a51-ca41c470d0fd/window/rect[39m
[35m[HTTP][39m [90m{}[39m
[35m[HTTP][39m [37m<-- GET /wd/hub/session/28a138b0-bd64-4da0-8a51-ca41c470d0fd/window/rect [39m[32m200[39m [90m12 ms - 50[39m
[35m[HTTP][39m [90m[39m
[35m[HTTP][39m [37m-->[39m [37mPOST[39m [37m/wd/hub/session/28a138b0-bd64-4da0-8a51-ca41c470d0fd/elements[39m
[35m[HTTP][39m [90m{"using":"xpath","value":"//*[@class = 'android.widget.CheckedTextView' and (@text = 'Peralatan' or . = 'Peralatan') and @resource-id = 'com.wahidari.pendaki:id/design_menu_item_text']"}[39m
[35m[HTTP][39m [37m<-- POST /wd/hub/session/28a138b0-bd64-4da0-8a51-ca41c470d0fd/elements [39m[32m200[39m [90m99 ms - 139[39m
[35m[HTTP][39m [90m[39m
[35m[HTTP][39m [37m-->[39m [37mGET[39m [37m/wd/hub/session/28a138b0-bd64-4da0-8a51-ca41c470d0fd/element/00000000-0000-0769-ffff-ffff0000008a/location[39m
[35m[HTTP][39m [90m{}[39m
[35m[W3C (28a138b0)][39m Driver proxy active, passing request on via HTTP proxy
[35m[WD Proxy][39m Replacing sessionId ee68ecf8-6e21-4ae6-a0ee-cbe3ade97da2 with 28a138b0-bd64-4da0-8a51-ca41c470d0fd
[35m[HTTP][39m [37m<-- GET /wd/hub/session/28a138b0-bd64-4da0-8a51-ca41c470d0fd/element/00000000-0000-0769-ffff-ffff0000008a/location [39m[32m200[39m [90m8 ms - 77[39m
[35m[HTTP][39m [90m[39m
[35m[HTTP][39m [37m-->[39m [37mPOST[39m [37m/wd/hub/session/28a138b0-bd64-4da0-8a51-ca41c470d0fd/element/00000000-0000-0769-ffff-ffff0000008a/click[39m
[35m[HTTP][39m [90m{"id":"00000000-0000-0769-ffff-ffff0000008a"}[39m
[35m[HTTP][39m [37m<-- POST /wd/hub/session/28a138b0-bd64-4da0-8a51-ca41c470d0fd/element/00000000-0000-0769-ffff-ffff0000008a/click [39m[32m200[39m [90m11 ms - 14[39m
[35m[HTTP][39m [90m[39m
[35m[HTTP][39m [37m-->[39m [37mGET[39m [37m/wd/hub/session/28a138b0-bd64-4da0-8a51-ca41c470d0fd/source[39m
[35m[HTTP][39m [90m{}[39m
[35m[W3C (28a138b0)][39m Driver proxy active, passing request on via HTTP proxy
[35m[WD Proxy][39m Replacing sessionId ee68ecf8-6e21-4ae6-a0ee-cbe3ade97da2 with 28a138b0-bd64-4da0-8a51-ca41c470d0fd
[35m[HTTP][39m [37m<-- GET /wd/hub/session/28a138b0-bd64-4da0-8a51-ca41c470d0fd/source [39m[32m200[39m [90m1096 ms - 40062[39m
[35m[HTTP][39m [90m[39m
[35m[HTTP][39m [37m-->[39m [37mGET[39m [37m/wd/hub/session/28a138b0-bd64-4da0-8a51-ca41c470d0fd/screenshot[39m
[35m[HTTP][39m [90m{}[39m
[35m[HTTP][39m [37m<-- GET /wd/hub/session/28a138b0-bd64-4da0-8a51-ca41c470d0fd/screenshot [39m[32m200[39m [90m358 ms - 703524[39m
[35m[HTTP][39m [90m[39m
[35m[HTTP][39m [37m-->[39m [37mPOST[39m [37m/wd/hub/session/28a138b0-bd64-4da0-8a51-ca41c470d0fd/elements[39m
[35m[HTTP][39m [90m{"using":"xpath","value":"//*[@class = 'android.widget.RelativeLayout' and (@text = '' or . = '')]"}[39m
[35m[HTTP][39m [37m<-- POST /wd/hub/session/28a138b0-bd64-4da0-8a51-ca41c470d0fd/elements [39m[32m200[39m [90m87 ms - 1291[39m
[35m[HTTP][39m [90m[39m
[35m[HTTP][39m [37m-->[39m [37mPOST[39m [37m/wd/hub/session/28a138b0-bd64-4da0-8a51-ca41c470d0fd/elements[39m
[35m[HTTP][39m [90m{"using":"-android uiautomator","value":"new UiSelector().className(\"android.widget.RelativeLayout\")"}[39m
[35m[HTTP][39m [37m<-- POST /wd/hub/session/28a138b0-bd64-4da0-8a51-ca41c470d0fd/elements [39m[32m200[39m [90m83 ms - 1291[39m
[35m[HTTP][39m [90m[39m
[35m[HTTP][39m [37m-->[39m [37mGET[39m [37m/wd/hub/session/28a138b0-bd64-4da0-8a51-ca41c470d0fd/window/rect[39m
[35m[HTTP][39m [90m{}[39m
[35m[HTTP][39m [37m<-- GET /wd/hub/session/28a138b0-bd64-4da0-8a51-ca41c470d0fd/window/rect [39m[32m200[39m [90m6 ms - 50[39m
[35m[HTTP][39m [90m[39m
[35m[HTTP][39m [37m-->[39m [37mPOST[39m [37m/wd/hub/session/28a138b0-bd64-4da0-8a51-ca41c470d0fd/elements[39m
[35m[HTTP][39m [90m{"using":"xpath","value":"//hierarchy/android.widget.FrameLayout[1]/android.widget.LinearLayout[1]/android.widget.FrameLayout[1]/android.widget.LinearLayout[1]/android.widget.FrameLayout[1]/android.support.v4.widget.DrawerLayout[1]/android.view.ViewGroup[1]/android.support.v4.view.ViewPager[1]/android.support.v7.widget.RecyclerView[1]/android.widget.LinearLayout[1]/android.widget.FrameLayout[1]/android.widget.RelativeLayout[1]"}[39m
[35m[HTTP][39m [37m<-- POST /wd/hub/session/28a138b0-bd64-4da0-8a51-ca41c470d0fd/elements [39m[32m200[39m [90m84 ms - 139[39m
[35m[HTTP][39m [90m[39m
[35m[HTTP][39m [37m-->[39m [37mGET[39m [37m/wd/hub/session/28a138b0-bd64-4da0-8a51-ca41c470d0fd/element/00000000-0000-076a-ffff-ffff000000fc/location[39m
[35m[HTTP][39m [90m{}[39m
[35m[W3C (28a138b0)][39m Driver proxy active, passing request on via HTTP proxy
[35m[WD Proxy][39m Replacing sessionId ee68ecf8-6e21-4ae6-a0ee-cbe3ade97da2 with 28a138b0-bd64-4da0-8a51-ca41c470d0fd
[35m[HTTP][39m [37m<-- GET /wd/hub/session/28a138b0-bd64-4da0-8a51-ca41c470d0fd/element/00000000-0000-076a-ffff-ffff000000fc/location [39m[32m200[39m [90m8 ms - 77[39m
[35m[HTTP][39m [90m[39m
[35m[HTTP][39m [37m-->[39m [37mPOST[39m [37m/wd/hub/session/28a138b0-bd64-4da0-8a51-ca41c470d0fd/element/00000000-0000-076a-ffff-ffff000000fc/click[39m
[35m[HTTP][39m [90m{"id":"00000000-0000-076a-ffff-ffff000000fc"}[39m
[35m[HTTP][39m [37m<-- POST /wd/hub/session/28a138b0-bd64-4da0-8a51-ca41c470d0fd/element/00000000-0000-076a-ffff-ffff000000fc/click [39m[32m200[39m [90m28 ms - 14[39m
[35m[HTTP][39m [90m[39m
[35m[HTTP][39m [37m-->[39m [37mGET[39m [37m/wd/hub/session/28a138b0-bd64-4da0-8a51-ca41c470d0fd/source[39m
[35m[HTTP][39m [90m{}[39m
[35m[W3C (28a138b0)][39m Driver proxy active, passing request on via HTTP proxy
[35m[WD Proxy][39m Replacing sessionId ee68ecf8-6e21-4ae6-a0ee-cbe3ade97da2 with 28a138b0-bd64-4da0-8a51-ca41c470d0fd
[35m[HTTP][39m [37m<-- GET /wd/hub/session/28a138b0-bd64-4da0-8a51-ca41c470d0fd/source [39m[32m200[39m [90m427 ms - 9314[39m
[35m[HTTP][39m [90m[39m
[35m[HTTP][39m [37m-->[39m [37mGET[39m [37m/wd/hub/session/28a138b0-bd64-4da0-8a51-ca41c470d0fd/screenshot[39m
[35m[HTTP][39m [90m{}[39m
[35m[HTTP][39m [37m<-- GET /wd/hub/session/28a138b0-bd64-4da0-8a51-ca41c470d0fd/screenshot [39m[32m200[39m [90m454 ms - 1086696[39m
[35m[HTTP][39m [90m[39m
[35m[HTTP][39m [37m-->[39m [37mDELETE[39m [37m/wd/hub/session/28a138b0-bd64-4da0-8a51-ca41c470d0fd[39m
[35m[HTTP][39m [90m{}[39m
[35m[Appium][39m Removing session 28a138b0-bd64-4da0-8a51-ca41c470d0fd from our master session list
[35m[HTTP][39m [37m<-- DELETE /wd/hub/session/28a138b0-bd64-4da0-8a51-ca41c470d0fd [39m[32m200[39m [90m194 ms - 14[39m
[35m[HTTP][39m [90m[39m
